[35m[Appium][39m Welcome to Appium v1.22.3
[35m[Appium][39m Non-default server args:
[35m[Appium][39m   port: 60220
[35m[Appium][39m   loglevel: info
[35m[Appium][39m   tmpDir: C:\Users\Asus\AppData\Local\Temp\\Katalon\Appium\Temp1698837234603
[35m[Appium][39m   chromedriverPort: 60221
[35m[Appium][39m Deprecated server args:
[35m[Appium][39m   [31m--chromedriver-port[39m => --default-capabilities
[35m[Appium][39m Default capabilities, which will be added to each request unless overridden by desired capabilities:
[35m[Appium][39m   chromedriverPort: 60221
[35m[Appium][39m Appium REST http interface listener started on 0.0.0.0:60220
[35m[HTTP][39m [37m-->[39m [37mGET[39m [37m/wd/hub/status[39m
[35m[HTTP][39m [90m{}[39m
[35m[HTTP][39m [37m<-- GET /wd/hub/status [39m[32m200[39m [90m17 ms - 68[39m
[35m[HTTP][39m [90m[39m
[35m[HTTP][39m [37m-->[39m [37mGET[39m [37m/wd/hub/status[39m
[35m[HTTP][39m [90m{}[39m
[35m[HTTP][39m [37m<-- GET /wd/hub/status [39m[32m200[39m [90m3 ms - 68[39m
[35m[HTTP][39m [90m[39m
[35m[HTTP][39m [37m-->[39m [37mPOST[39m [37m/wd/hub/session[39m
[35m[HTTP][39m [90m{"desiredCapabilities":{"appActivity":".Settings","appPackage":"com.android.settings","newCommandTimeout":1800,"platformVersion":"10","automationName":"uiautomator2","autoGrantPermissions":true,"platformName":"Android","udid":"emulator-5554","deviceName":"emulator-5554 (Android SDK built for x86 - Android 10)","platform":"ANDROID","systemPort":8295},"capabilities":{"firstMatch":[{"appium:appActivity":".Settings","appium:appPackage":"com.android.settings","appium:autoGrantPermissions":true,"appium:automationName":"uiautomator2","appium:deviceName":"emulator-5554 (Android SDK built for x86 - Android 10)","appium:newCommandTimeout":1800,"platform":"ANDROID","platformName":"android","appium:platformVersion":"10","appium:systemPort":8295,"appium:udid":"emulator-5554"}]}}[39m
[35m[BaseDriver][39m The following capabilities are not standard capabilities and should have an extension prefix:
[35m[BaseDriver][39m   platform
[35m[BaseDriver][39m   chromedriverPort
[35m[Appium][39m Appium v1.22.3 creating new AndroidUiautomator2Driver (v1.70.1) session
[35m[BaseDriver][39m The following capabilities were provided, but are not recognized by Appium:
[35m[BaseDriver][39m   platform
[35m[BaseDriver][39m Session created with session id: b9538f1f-051e-48c0-863a-84b0b7d5c273
[35m[UiAutomator2][39m Starting 'com.android.settings' directly on the device
[35m[ADB][39m Found 1 'build-tools' folders under 'C:\Users\Asus\AppData\Local\Android\Sdk' (newest first):
[35m[ADB][39m     C:/Users/Asus/AppData/Local/Android/Sdk/build-tools/34.0.0
[35m[ADB][39m Using 'adb.exe' from 'C:\Users\Asus\AppData\Local\Android\Sdk\platform-tools\adb.exe'
[35m[AndroidDriver][39m Retrieving device list
[35m[AndroidDriver][39m Using device: emulator-5554
[35m[ADB][39m Using 'adb.exe' from 'C:\Users\Asus\AppData\Local\Android\Sdk\platform-tools\adb.exe'
[35m[ADB][39m Getting device platform version
[35m[UiAutomator2][39m Relaxing hidden api policy
[35m[AndroidDriver][39m No app sent in, not parsing package/activity
[35m[ADB][39m Using 'apksigner.jar' from 'C:\Users\Asus\AppData\Local\Android\Sdk\build-tools\34.0.0\lib\apksigner.jar'
[35m[ADB][39m 'C:\Users\Asus\AppData\Roaming\npm\node_modules\appium\node_modules\appium-uiautomator2-server\apks\appium-uiautomator2-server-v4.27.0.apk' is signed with the default certificate
[35m[ADB][39m 'C:\Users\Asus\AppData\Roaming\npm\node_modules\appium\node_modules\appium-uiautomator2-server\apks\appium-uiautomator2-server-debug-androidTest.apk' is signed with the default certificate
[35m[UiAutomator2][39m Server packages are not going to be (re)installed
[35m[ADB][39m Adding packages ["io.appium.settings","io.appium.uiautomator2.server","io.appium.uiautomator2.server.test"] to Doze whitelist
[35m[UiAutomator2][39m Starting UIAutomator2 server 4.27.0
[35m[UiAutomator2][39m Using UIAutomator2 server from 'C:\Users\Asus\AppData\Roaming\npm\node_modules\appium\node_modules\appium-uiautomator2-server\apks\appium-uiautomator2-server-v4.27.0.apk' and test from 'C:\Users\Asus\AppData\Roaming\npm\node_modules\appium\node_modules\appium-uiautomator2-server\apks\appium-uiautomator2-server-debug-androidTest.apk'
[35m[UiAutomator2][39m Waiting up to 30000ms for UiAutomator2 to be online...
[35m[WD Proxy][39m socket hang up
[35m[WD Proxy][39m socket hang up
[35m[WD Proxy][39m socket hang up
[35m[WD Proxy][39m socket hang up
[35m[WD Proxy][39m Determined the downstream protocol as 'W3C'
[35m[AndroidDriver][39m Screen already unlocked, doing nothing
[35m[UiAutomator2][39m Starting 'com.android.settings/.Settings and waiting for 'com.android.settings/.Settings'
[35m[Appium][39m New AndroidUiautomator2Driver session created successfully, session b9538f1f-051e-48c0-863a-84b0b7d5c273 added to master session list
[35m[HTTP][39m [37m<-- POST /wd/hub/session [39m[32m200[39m [90m19928 ms - 1208[39m
[35m[HTTP][39m [90m[39m
[35m[HTTP][39m [37m-->[39m [37mGET[39m [37m/wd/hub/session/b9538f1f-051e-48c0-863a-84b0b7d5c273[39m
[35m[HTTP][39m [90m{}[39m
[35m[HTTP][39m [37m<-- GET /wd/hub/session/b9538f1f-051e-48c0-863a-84b0b7d5c273 [39m[32m200[39m [90m30 ms - 1162[39m
[35m[HTTP][39m [90m[39m
[35m[HTTP][39m [37m-->[39m [37mGET[39m [37m/wd/hub/session/b9538f1f-051e-48c0-863a-84b0b7d5c273[39m
[35m[HTTP][39m [90m{}[39m
[35m[HTTP][39m [37m<-- GET /wd/hub/session/b9538f1f-051e-48c0-863a-84b0b7d5c273 [39m[32m200[39m [90m44 ms - 1162[39m
[35m[HTTP][39m [90m[39m
[35m[HTTP][39m [37m-->[39m [37mGET[39m [37m/wd/hub/status[39m
[35m[HTTP][39m [90m{}[39m
[35m[HTTP][39m [37m<-- GET /wd/hub/status [39m[32m200[39m [90m2 ms - 68[39m
[35m[HTTP][39m [90m[39m
[35m[HTTP][39m [37m-->[39m [37mPOST[39m [37m/wd/hub/session/b9538f1f-051e-48c0-863a-84b0b7d5c273/timeouts[39m
[35m[HTTP][39m [90m{"implicit":60000}[39m
[35m[HTTP][39m [37m<-- POST /wd/hub/session/b9538f1f-051e-48c0-863a-84b0b7d5c273/timeouts [39m[32m200[39m [90m8 ms - 14[39m
[35m[HTTP][39m [90m[39m
[35m[HTTP][39m [37m-->[39m [37mGET[39m [37m/wd/hub/session/b9538f1f-051e-48c0-863a-84b0b7d5c273/screenshot[39m
[35m[HTTP][39m [90m{}[39m
[35m[HTTP][39m [37m<-- GET /wd/hub/session/b9538f1f-051e-48c0-863a-84b0b7d5c273/screenshot [39m[32m200[39m [90m2182 ms - 23582[39m
[35m[HTTP][39m [90m[39m
[35m[HTTP][39m [37m-->[39m [37mGET[39m [37m/wd/hub/session/b9538f1f-051e-48c0-863a-84b0b7d5c273/window/rect[39m
[35m[HTTP][39m [90m{}[39m
[35m[HTTP][39m [37m<-- GET /wd/hub/session/b9538f1f-051e-48c0-863a-84b0b7d5c273/window/rect [39m[32m200[39m [90m66 ms - 50[39m
[35m[HTTP][39m [90m[39m
[35m[HTTP][39m [37m-->[39m [37mGET[39m [37m/wd/hub/session/b9538f1f-051e-48c0-863a-84b0b7d5c273/appium/device/system_bars[39m
[35m[HTTP][39m [90m{}[39m
[35m[HTTP][39m [37m<-- GET /wd/hub/session/b9538f1f-051e-48c0-863a-84b0b7d5c273/appium/device/system_bars [39m[32m200[39m [90m271 ms - 149[39m
[35m[HTTP][39m [90m[39m
[35m[HTTP][39m [37m-->[39m [37mPOST[39m [37m/wd/hub/session/b9538f1f-051e-48c0-863a-84b0b7d5c273/appium/device/activate_app[39m
[35m[HTTP][39m [90m{"bundleId":"com.example.shopping_list"}[39m
[35m[HTTP][39m [37m<-- POST /wd/hub/session/b9538f1f-051e-48c0-863a-84b0b7d5c273/appium/device/activate_app [39m[32m200[39m [90m1694 ms - 14[39m
[35m[HTTP][39m [90m[39m
[35m[HTTP][39m [37m-->[39m [37mGET[39m [37m/wd/hub/session/b9538f1f-051e-48c0-863a-84b0b7d5c273/source[39m
[35m[HTTP][39m [90m{}[39m
[35m[W3C (b9538f1f)][39m Driver proxy active, passing request on via HTTP proxy
[35m[WD Proxy][39m Replacing sessionId 997927a6-73a5-4a3a-b311-c5d8e83e418e with b9538f1f-051e-48c0-863a-84b0b7d5c273
[35m[HTTP][39m [37m<-- GET /wd/hub/session/b9538f1f-051e-48c0-863a-84b0b7d5c273/source [39m[32m200[39m [90m1680 ms - 10064[39m
[35m[HTTP][39m [90m[39m
[35m[HTTP][39m [37m-->[39m [37mGET[39m [37m/wd/hub/session/b9538f1f-051e-48c0-863a-84b0b7d5c273/screenshot[39m
[35m[HTTP][39m [90m{}[39m
[35m[HTTP][39m [37m<-- GET /wd/hub/session/b9538f1f-051e-48c0-863a-84b0b7d5c273/screenshot [39m[32m200[39m [90m998 ms - 128680[39m
[35m[HTTP][39m [90m[39m
[35m[HTTP][39m [37m-->[39m [37mGET[39m [37m/wd/hub/session/b9538f1f-051e-48c0-863a-84b0b7d5c273/source[39m
[35m[HTTP][39m [90m{}[39m
[35m[W3C (b9538f1f)][39m Driver proxy active, passing request on via HTTP proxy
[35m[WD Proxy][39m Replacing sessionId 997927a6-73a5-4a3a-b311-c5d8e83e418e with b9538f1f-051e-48c0-863a-84b0b7d5c273
[35m[HTTP][39m [37m<-- GET /wd/hub/session/b9538f1f-051e-48c0-863a-84b0b7d5c273/source [39m[32m200[39m [90m177 ms - 10064[39m
[35m[HTTP][39m [90m[39m
[35m[HTTP][39m [37m-->[39m [37mGET[39m [37m/wd/hub/session/b9538f1f-051e-48c0-863a-84b0b7d5c273/screenshot[39m
[35m[HTTP][39m [90m{}[39m
[35m[HTTP][39m [37m<-- GET /wd/hub/session/b9538f1f-051e-48c0-863a-84b0b7d5c273/screenshot [39m[32m200[39m [90m756 ms - 128680[39m
[35m[HTTP][39m [90m[39m
[35m[HTTP][39m [37m-->[39m [37mPOST[39m [37m/wd/hub/session/b9538f1f-051e-48c0-863a-84b0b7d5c273/elements[39m
[35m[HTTP][39m [90m{"using":"xpath","value":"//*[@class = 'android.widget.Button' and @resource-id = '' and (@text = '' or . = '')]"}[39m
[35m[HTTP][39m [37m<-- POST /wd/hub/session/b9538f1f-051e-48c0-863a-84b0b7d5c273/elements [39m[32m200[39m [90m1170 ms - 139[39m
[35m[HTTP][39m [90m[39m
[35m[HTTP][39m [37m-->[39m [37mGET[39m [37m/wd/hub/session/b9538f1f-051e-48c0-863a-84b0b7d5c273/window/rect[39m
[35m[HTTP][39m [90m{}[39m
[35m[HTTP][39m [37m<-- GET /wd/hub/session/b9538f1f-051e-48c0-863a-84b0b7d5c273/window/rect [39m[32m200[39m [90m21 ms - 50[39m
[35m[HTTP][39m [90m[39m
[35m[HTTP][39m [37m-->[39m [37mPOST[39m [37m/wd/hub/session/b9538f1f-051e-48c0-863a-84b0b7d5c273/elements[39m
[35m[HTTP][39m [90m{"using":"xpath","value":"//*[@class = 'android.widget.Button' and @resource-id = '' and (@text = '' or . = '')]"}[39m
[35m[HTTP][39m [37m<-- POST /wd/hub/session/b9538f1f-051e-48c0-863a-84b0b7d5c273/elements [39m[32m200[39m [90m115 ms - 139[39m
[35m[HTTP][39m [90m[39m
[35m[HTTP][39m [37m-->[39m [37mGET[39m [37m/wd/hub/session/b9538f1f-051e-48c0-863a-84b0b7d5c273/element/00000000-0000-0078-0000-003e00000003/location[39m
[35m[HTTP][39m [90m{}[39m
[35m[W3C (b9538f1f)][39m Driver proxy active, passing request on via HTTP proxy
[35m[WD Proxy][39m Replacing sessionId 997927a6-73a5-4a3a-b311-c5d8e83e418e with b9538f1f-051e-48c0-863a-84b0b7d5c273
[35m[HTTP][39m [37m<-- GET /wd/hub/session/b9538f1f-051e-48c0-863a-84b0b7d5c273/element/00000000-0000-0078-0000-003e00000003/location [39m[32m200[39m [90m32 ms - 78[39m
[35m[HTTP][39m [90m[39m
[35m[HTTP][39m [37m-->[39m [37mPOST[39m [37m/wd/hub/session/b9538f1f-051e-48c0-863a-84b0b7d5c273/element/00000000-0000-0078-0000-003e00000003/click[39m
[35m[HTTP][39m [90m{"id":"00000000-0000-0078-0000-003e00000003"}[39m
[35m[HTTP][39m [37m<-- POST /wd/hub/session/b9538f1f-051e-48c0-863a-84b0b7d5c273/element/00000000-0000-0078-0000-003e00000003/click [39m[32m200[39m [90m1012 ms - 14[39m
[35m[HTTP][39m [90m[39m
[35m[HTTP][39m [37m-->[39m [37mGET[39m [37m/wd/hub/session/b9538f1f-051e-48c0-863a-84b0b7d5c273/source[39m
[35m[HTTP][39m [90m{}[39m
[35m[W3C (b9538f1f)][39m Driver proxy active, passing request on via HTTP proxy
[35m[WD Proxy][39m Replacing sessionId 997927a6-73a5-4a3a-b311-c5d8e83e418e with b9538f1f-051e-48c0-863a-84b0b7d5c273
[35m[HTTP][39m [37m<-- GET /wd/hub/session/b9538f1f-051e-48c0-863a-84b0b7d5c273/source [39m[32m200[39m [90m267 ms - 7459[39m
[35m[HTTP][39m [90m[39m
[35m[HTTP][39m [37m-->[39m [37mGET[39m [37m/wd/hub/session/b9538f1f-051e-48c0-863a-84b0b7d5c273/screenshot[39m
[35m[HTTP][39m [90m{}[39m
[35m[HTTP][39m [37m<-- GET /wd/hub/session/b9538f1f-051e-48c0-863a-84b0b7d5c273/screenshot [39m[32m200[39m [90m779 ms - 78276[39m
[35m[HTTP][39m [90m[39m
[35m[HTTP][39m [37m-->[39m [37mGET[39m [37m/wd/hub/session/b9538f1f-051e-48c0-863a-84b0b7d5c273/source[39m
[35m[HTTP][39m [90m{}[39m
[35m[W3C (b9538f1f)][39m Driver proxy active, passing request on via HTTP proxy
[35m[WD Proxy][39m Replacing sessionId 997927a6-73a5-4a3a-b311-c5d8e83e418e with b9538f1f-051e-48c0-863a-84b0b7d5c273
[35m[HTTP][39m [37m<-- GET /wd/hub/session/b9538f1f-051e-48c0-863a-84b0b7d5c273/source [39m[32m200[39m [90m152 ms - 7459[39m
[35m[HTTP][39m [90m[39m
[35m[HTTP][39m [37m-->[39m [37mGET[39m [37m/wd/hub/session/b9538f1f-051e-48c0-863a-84b0b7d5c273/screenshot[39m
[35m[HTTP][39m [90m{}[39m
[35m[HTTP][39m [37m<-- GET /wd/hub/session/b9538f1f-051e-48c0-863a-84b0b7d5c273/screenshot [39m[32m200[39m [90m690 ms - 78276[39m
[35m[HTTP][39m [90m[39m
[35m[HTTP][39m [37m-->[39m [37mGET[39m [37m/wd/hub/session/b9538f1f-051e-48c0-863a-84b0b7d5c273/source[39m
[35m[HTTP][39m [90m{}[39m
[35m[W3C (b9538f1f)][39m Driver proxy active, passing request on via HTTP proxy
[35m[WD Proxy][39m Replacing sessionId 997927a6-73a5-4a3a-b311-c5d8e83e418e with b9538f1f-051e-48c0-863a-84b0b7d5c273
[35m[HTTP][39m [37m<-- GET /wd/hub/session/b9538f1f-051e-48c0-863a-84b0b7d5c273/source [39m[32m200[39m [90m192 ms - 7459[39m
[35m[HTTP][39m [90m[39m
[35m[HTTP][39m [37m-->[39m [37mGET[39m [37m/wd/hub/session/b9538f1f-051e-48c0-863a-84b0b7d5c273/screenshot[39m
[35m[HTTP][39m [90m{}[39m
[35m[HTTP][39m [37m<-- GET /wd/hub/session/b9538f1f-051e-48c0-863a-84b0b7d5c273/screenshot [39m[32m200[39m [90m1062 ms - 78276[39m
[35m[HTTP][39m [90m[39m
[35m[HTTP][39m [37m-->[39m [37mPOST[39m [37m/wd/hub/session/b9538f1f-051e-48c0-863a-84b0b7d5c273/elements[39m
[35m[HTTP][39m [90m{"using":"xpath","value":"//*[@class = 'android.widget.EditText' and (@text = 'Name' or . = 'Name') and @resource-id = '']"}[39m
[35m[HTTP][39m [37m<-- POST /wd/hub/session/b9538f1f-051e-48c0-863a-84b0b7d5c273/elements [39m[32m200[39m [90m140 ms - 139[39m
[35m[HTTP][39m [90m[39m
[35m[HTTP][39m [37m-->[39m [37mGET[39m [37m/wd/hub/session/b9538f1f-051e-48c0-863a-84b0b7d5c273/window/rect[39m
[35m[HTTP][39m [90m{}[39m
[35m[HTTP][39m [37m<-- GET /wd/hub/session/b9538f1f-051e-48c0-863a-84b0b7d5c273/window/rect [39m[32m200[39m [90m22 ms - 50[39m
[35m[HTTP][39m [90m[39m
[35m[HTTP][39m [37m-->[39m [37mPOST[39m [37m/wd/hub/session/b9538f1f-051e-48c0-863a-84b0b7d5c273/elements[39m
[35m[HTTP][39m [90m{"using":"xpath","value":"//*[@class = 'android.widget.EditText' and (@text = 'Name' or . = 'Name') and @resource-id = '']"}[39m
[35m[HTTP][39m [37m<-- POST /wd/hub/session/b9538f1f-051e-48c0-863a-84b0b7d5c273/elements [39m[32m200[39m [90m161 ms - 139[39m
[35m[HTTP][39m [90m[39m
[35m[HTTP][39m [37m-->[39m [37mGET[39m [37m/wd/hub/session/b9538f1f-051e-48c0-863a-84b0b7d5c273/element/00000000-0000-0078-0000-004100000003/location[39m
[35m[HTTP][39m [90m{}[39m
[35m[W3C (b9538f1f)][39m Driver proxy active, passing request on via HTTP proxy
[35m[WD Proxy][39m Replacing sessionId 997927a6-73a5-4a3a-b311-c5d8e83e418e with b9538f1f-051e-48c0-863a-84b0b7d5c273
[35m[HTTP][39m [37m<-- GET /wd/hub/session/b9538f1f-051e-48c0-863a-84b0b7d5c273/element/00000000-0000-0078-0000-004100000003/location [39m[32m200[39m [90m34 ms - 77[39m
[35m[HTTP][39m [90m[39m
[35m[HTTP][39m [37m-->[39m [37mPOST[39m [37m/wd/hub/session/b9538f1f-051e-48c0-863a-84b0b7d5c273/element/00000000-0000-0078-0000-004100000003/click[39m
[35m[HTTP][39m [90m{"id":"00000000-0000-0078-0000-004100000003"}[39m
[35m[HTTP][39m [37m<-- POST /wd/hub/session/b9538f1f-051e-48c0-863a-84b0b7d5c273/element/00000000-0000-0078-0000-004100000003/click [39m[32m200[39m [90m63 ms - 14[39m
[35m[HTTP][39m [90m[39m
[35m[HTTP][39m [37m-->[39m [37mGET[39m [37m/wd/hub/session/b9538f1f-051e-48c0-863a-84b0b7d5c273/source[39m
[35m[HTTP][39m [90m{}[39m
[35m[W3C (b9538f1f)][39m Driver proxy active, passing request on via HTTP proxy
[35m[WD Proxy][39m Replacing sessionId 997927a6-73a5-4a3a-b311-c5d8e83e418e with b9538f1f-051e-48c0-863a-84b0b7d5c273
[35m[HTTP][39m [37m<-- GET /wd/hub/session/b9538f1f-051e-48c0-863a-84b0b7d5c273/source [39m[32m200[39m [90m403 ms - 7457[39m
[35m[HTTP][39m [90m[39m
[35m[HTTP][39m [37m-->[39m [37mGET[39m [37m/wd/hub/session/b9538f1f-051e-48c0-863a-84b0b7d5c273/screenshot[39m
[35m[HTTP][39m [90m{}[39m
[35m[HTTP][39m [37m<-- GET /wd/hub/session/b9538f1f-051e-48c0-863a-84b0b7d5c273/screenshot [39m[32m200[39m [90m996 ms - 159150[39m
[35m[HTTP][39m [90m[39m
[35m[HTTP][39m [37m-->[39m [37mGET[39m [37m/wd/hub/session/b9538f1f-051e-48c0-863a-84b0b7d5c273/source[39m
[35m[HTTP][39m [90m{}[39m
[35m[W3C (b9538f1f)][39m Driver proxy active, passing request on via HTTP proxy
[35m[WD Proxy][39m Replacing sessionId 997927a6-73a5-4a3a-b311-c5d8e83e418e with b9538f1f-051e-48c0-863a-84b0b7d5c273
[35m[HTTP][39m [37m<-- GET /wd/hub/session/b9538f1f-051e-48c0-863a-84b0b7d5c273/source [39m[32m200[39m [90m209 ms - 7457[39m
[35m[HTTP][39m [90m[39m
[35m[HTTP][39m [37m-->[39m [37mGET[39m [37m/wd/hub/session/b9538f1f-051e-48c0-863a-84b0b7d5c273/screenshot[39m
[35m[HTTP][39m [90m{}[39m
[35m[HTTP][39m [37m<-- GET /wd/hub/session/b9538f1f-051e-48c0-863a-84b0b7d5c273/screenshot [39m[32m200[39m [90m1013 ms - 159150[39m
[35m[HTTP][39m [90m[39m
[35m[HTTP][39m [37m-->[39m [37mPOST[39m [37m/wd/hub/session/b9538f1f-051e-48c0-863a-84b0b7d5c273/elements[39m
[35m[HTTP][39m [90m{"using":"xpath","value":"//*[@class = 'android.widget.EditText' and (@text = 'Name' or . = 'Name') and @resource-id = '']"}[39m
[35m[HTTP][39m [37m<-- POST /wd/hub/session/b9538f1f-051e-48c0-863a-84b0b7d5c273/elements [39m[32m200[39m [90m130 ms - 139[39m
[35m[HTTP][39m [90m[39m
[35m[HTTP][39m [37m-->[39m [37mGET[39m [37m/wd/hub/session/b9538f1f-051e-48c0-863a-84b0b7d5c273/window/rect[39m
[35m[HTTP][39m [90m{}[39m
[35m[HTTP][39m [37m<-- GET /wd/hub/session/b9538f1f-051e-48c0-863a-84b0b7d5c273/window/rect [39m[32m200[39m [90m28 ms - 50[39m
[35m[HTTP][39m [90m[39m
[35m[HTTP][39m [37m-->[39m [37mPOST[39m [37m/wd/hub/session/b9538f1f-051e-48c0-863a-84b0b7d5c273/elements[39m
[35m[HTTP][39m [90m{"using":"xpath","value":"//*[@class = 'android.widget.EditText' and (@text = 'Name' or . = 'Name') and @resource-id = '']"}[39m
[35m[HTTP][39m [37m<-- POST /wd/hub/session/b9538f1f-051e-48c0-863a-84b0b7d5c273/elements [39m[32m200[39m [90m150 ms - 139[39m
[35m[HTTP][39m [90m[39m
[35m[HTTP][39m [37m-->[39m [37mGET[39m [37m/wd/hub/session/b9538f1f-051e-48c0-863a-84b0b7d5c273/element/00000000-0000-0078-0000-004100000003/location[39m
[35m[HTTP][39m [90m{}[39m
[35m[W3C (b9538f1f)][39m Driver proxy active, passing request on via HTTP proxy
[35m[WD Proxy][39m Replacing sessionId 997927a6-73a5-4a3a-b311-c5d8e83e418e with b9538f1f-051e-48c0-863a-84b0b7d5c273
[35m[HTTP][39m [37m<-- GET /wd/hub/session/b9538f1f-051e-48c0-863a-84b0b7d5c273/element/00000000-0000-0078-0000-004100000003/location [39m[32m200[39m [90m49 ms - 77[39m
[35m[HTTP][39m [90m[39m
[35m[HTTP][39m [37m-->[39m [37mPOST[39m [37m/wd/hub/session/b9538f1f-051e-48c0-863a-84b0b7d5c273/element/00000000-0000-0078-0000-004100000003/clear[39m
[35m[HTTP][39m [90m{"id":"00000000-0000-0078-0000-004100000003"}[39m
[35m[HTTP][39m [37m<-- POST /wd/hub/session/b9538f1f-051e-48c0-863a-84b0b7d5c273/element/00000000-0000-0078-0000-004100000003/clear [39m[32m200[39m [90m38 ms - 14[39m
[35m[HTTP][39m [90m[39m
[35m[HTTP][39m [37m-->[39m [37mPOST[39m [37m/wd/hub/session/b9538f1f-051e-48c0-863a-84b0b7d5c273/element/00000000-0000-0078-0000-004100000003/value[39m
[35m[HTTP][39m [90m{"id":"00000000-0000-0078-0000-004100000003","text":"Melon","value":["M","e","l","o","n"]}[39m
[35m[HTTP][39m [37m<-- POST /wd/hub/session/b9538f1f-051e-48c0-863a-84b0b7d5c273/element/00000000-0000-0078-0000-004100000003/value [39m[32m200[39m [90m98 ms - 14[39m
[35m[HTTP][39m [90m[39m
[35m[HTTP][39m [37m-->[39m [37mGET[39m [37m/wd/hub/session/b9538f1f-051e-48c0-863a-84b0b7d5c273/source[39m
[35m[HTTP][39m [90m{}[39m
[35m[W3C (b9538f1f)][39m Driver proxy active, passing request on via HTTP proxy
[35m[WD Proxy][39m Replacing sessionId 997927a6-73a5-4a3a-b311-c5d8e83e418e with b9538f1f-051e-48c0-863a-84b0b7d5c273
[35m[HTTP][39m [37m<-- GET /wd/hub/session/b9538f1f-051e-48c0-863a-84b0b7d5c273/source [39m[32m200[39m [90m377 ms - 7464[39m
[35m[HTTP][39m [90m[39m
[35m[HTTP][39m [37m-->[39m [37mGET[39m [37m/wd/hub/session/b9538f1f-051e-48c0-863a-84b0b7d5c273/screenshot[39m
[35m[HTTP][39m [90m{}[39m
[35m[HTTP][39m [37m<-- GET /wd/hub/session/b9538f1f-051e-48c0-863a-84b0b7d5c273/screenshot [39m[32m200[39m [90m1002 ms - 163414[39m
[35m[HTTP][39m [90m[39m
[35m[HTTP][39m [37m-->[39m [37mGET[39m [37m/wd/hub/session/b9538f1f-051e-48c0-863a-84b0b7d5c273/source[39m
[35m[HTTP][39m [90m{}[39m
[35m[W3C (b9538f1f)][39m Driver proxy active, passing request on via HTTP proxy
[35m[WD Proxy][39m Replacing sessionId 997927a6-73a5-4a3a-b311-c5d8e83e418e with b9538f1f-051e-48c0-863a-84b0b7d5c273
[35m[HTTP][39m [37m<-- GET /wd/hub/session/b9538f1f-051e-48c0-863a-84b0b7d5c273/source [39m[32m200[39m [90m262 ms - 7464[39m
[35m[HTTP][39m [90m[39m
[35m[HTTP][39m [37m-->[39m [37mGET[39m [37m/wd/hub/session/b9538f1f-051e-48c0-863a-84b0b7d5c273/screenshot[39m
[35m[HTTP][39m [90m{}[39m
[35m[HTTP][39m [37m<-- GET /wd/hub/session/b9538f1f-051e-48c0-863a-84b0b7d5c273/screenshot [39m[32m200[39m [90m1281 ms - 163394[39m
[35m[HTTP][39m [90m[39m
[35m[HTTP][39m [37m-->[39m [37mPOST[39m [37m/wd/hub/session/b9538f1f-051e-48c0-863a-84b0b7d5c273/elements[39m
[35m[HTTP][39m [90m{"using":"xpath","value":"//*[@class = 'android.widget.Button' and @resource-id = '' and (@text = '' or . = '')]"}[39m
[35m[HTTP][39m [37m<-- POST /wd/hub/session/b9538f1f-051e-48c0-863a-84b0b7d5c273/elements [39m[32m200[39m [90m263 ms - 523[39m
[35m[HTTP][39m [90m[39m
[35m[HTTP][39m [37m-->[39m [37mPOST[39m [37m/wd/hub/session/b9538f1f-051e-48c0-863a-84b0b7d5c273/elements[39m
[35m[HTTP][39m [90m{"using":"accessibility id","value":"Vegetables"}[39m
[35m[HTTP][39m [37m<-- POST /wd/hub/session/b9538f1f-051e-48c0-863a-84b0b7d5c273/elements [39m[32m200[39m [90m75 ms - 139[39m
[35m[HTTP][39m [90m[39m
[35m[HTTP][39m [37m-->[39m [37mGET[39m [37m/wd/hub/session/b9538f1f-051e-48c0-863a-84b0b7d5c273/window/rect[39m
[35m[HTTP][39m [90m{}[39m
[35m[HTTP][39m [37m<-- GET /wd/hub/session/b9538f1f-051e-48c0-863a-84b0b7d5c273/window/rect [39m[32m200[39m [90m40 ms - 50[39m
[35m[HTTP][39m [90m[39m
[35m[HTTP][39m [37m-->[39m [37mPOST[39m [37m/wd/hub/session/b9538f1f-051e-48c0-863a-84b0b7d5c273/elements[39m
[35m[HTTP][39m [90m{"using":"accessibility id","value":"Vegetables"}[39m
[35m[HTTP][39m [37m<-- POST /wd/hub/session/b9538f1f-051e-48c0-863a-84b0b7d5c273/elements [39m[32m200[39m [90m58 ms - 139[39m
[35m[HTTP][39m [90m[39m
[35m[HTTP][39m [37m-->[39m [37mGET[39m [37m/wd/hub/session/b9538f1f-051e-48c0-863a-84b0b7d5c273/element/00000000-0000-0078-0000-004400000003/location[39m
[35m[HTTP][39m [90m{}[39m
[35m[W3C (b9538f1f)][39m Driver proxy active, passing request on via HTTP proxy
[35m[WD Proxy][39m Replacing sessionId 997927a6-73a5-4a3a-b311-c5d8e83e418e with b9538f1f-051e-48c0-863a-84b0b7d5c273
[35m[HTTP][39m [37m<-- GET /wd/hub/session/b9538f1f-051e-48c0-863a-84b0b7d5c273/element/00000000-0000-0078-0000-004400000003/location [39m[32m200[39m [90m39 ms - 78[39m
[35m[HTTP][39m [90m[39m
[35m[HTTP][39m [37m-->[39m [37mPOST[39m [37m/wd/hub/session/b9538f1f-051e-48c0-863a-84b0b7d5c273/element/00000000-0000-0078-0000-004400000003/click[39m
[35m[HTTP][39m [90m{"id":"00000000-0000-0078-0000-004400000003"}[39m
[35m[HTTP][39m [37m<-- POST /wd/hub/session/b9538f1f-051e-48c0-863a-84b0b7d5c273/element/00000000-0000-0078-0000-004400000003/click [39m[32m200[39m [90m111 ms - 14[39m
[35m[HTTP][39m [90m[39m
[35m[HTTP][39m [37m-->[39m [37mGET[39m [37m/wd/hub/session/b9538f1f-051e-48c0-863a-84b0b7d5c273/source[39m
[35m[HTTP][39m [90m{}[39m
[35m[W3C (b9538f1f)][39m Driver proxy active, passing request on via HTTP proxy
[35m[WD Proxy][39m Replacing sessionId 997927a6-73a5-4a3a-b311-c5d8e83e418e with b9538f1f-051e-48c0-863a-84b0b7d5c273
[35m[HTTP][39m [37m<-- GET /wd/hub/session/b9538f1f-051e-48c0-863a-84b0b7d5c273/source [39m[32m200[39m [90m656 ms - 9112[39m
[35m[HTTP][39m [90m[39m
[35m[HTTP][39m [37m-->[39m [37mGET[39m [37m/wd/hub/session/b9538f1f-051e-48c0-863a-84b0b7d5c273/screenshot[39m
[35m[HTTP][39m [90m{}[39m
[35m[HTTP][39m [37m<-- GET /wd/hub/session/b9538f1f-051e-48c0-863a-84b0b7d5c273/screenshot [39m[32m200[39m [90m1351 ms - 120444[39m
[35m[HTTP][39m [90m[39m
[35m[HTTP][39m [37m-->[39m [37mPOST[39m [37m/wd/hub/session/b9538f1f-051e-48c0-863a-84b0b7d5c273/elements[39m
[35m[HTTP][39m [90m{"using":"xpath","value":"//*[@class = 'android.view.View' and @resource-id = '' and (@text = '' or . = '')]"}[39m
[35m[HTTP][39m [37m<-- POST /wd/hub/session/b9538f1f-051e-48c0-863a-84b0b7d5c273/elements [39m[32m200[39m [90m74 ms - 2187[39m
[35m[HTTP][39m [90m[39m
[35m[HTTP][39m [37m-->[39m [37mPOST[39m [37m/wd/hub/session/b9538f1f-051e-48c0-863a-84b0b7d5c273/elements[39m
[35m[HTTP][39m [90m{"using":"-android uiautomator","value":"new UiSelector().className(\"android.view.View\").resourceId(\"\")"}[39m
[35m[HTTP][39m [37m<-- POST /wd/hub/session/b9538f1f-051e-48c0-863a-84b0b7d5c273/elements [39m[32m200[39m [90m182 ms - 2187[39m
[35m[HTTP][39m [90m[39m
[35m[HTTP][39m [37m-->[39m [37mGET[39m [37m/wd/hub/session/b9538f1f-051e-48c0-863a-84b0b7d5c273/window/rect[39m
[35m[HTTP][39m [90m{}[39m
[35m[HTTP][39m [37m<-- GET /wd/hub/session/b9538f1f-051e-48c0-863a-84b0b7d5c273/window/rect [39m[32m200[39m [90m14 ms - 50[39m
[35m[HTTP][39m [90m[39m
[35m[HTTP][39m [37m-->[39m [37mPOST[39m [37m/wd/hub/session/b9538f1f-051e-48c0-863a-84b0b7d5c273/elements[39m
[35m[HTTP][39m [90m{"using":"xpath","value":"//hierarchy/android.widget.FrameLayout[1]/android.widget.LinearLayout[1]/android.widget.FrameLayout[1]/android.widget.FrameLayout[1]/android.view.View[1]/android.view.View[1]/android.view.View[2]"}[39m
[35m[HTTP][39m [37m<-- POST /wd/hub/session/b9538f1f-051e-48c0-863a-84b0b7d5c273/elements [39m[32m200[39m [90m61 ms - 139[39m
[35m[HTTP][39m [90m[39m
[35m[HTTP][39m [37m-->[39m [37mGET[39m [37m/wd/hub/session/b9538f1f-051e-48c0-863a-84b0b7d5c273/element/00000000-0000-0078-0000-004a00000003/location[39m
[35m[HTTP][39m [90m{}[39m
[35m[W3C (b9538f1f)][39m Driver proxy active, passing request on via HTTP proxy
[35m[WD Proxy][39m Replacing sessionId 997927a6-73a5-4a3a-b311-c5d8e83e418e with b9538f1f-051e-48c0-863a-84b0b7d5c273
[35m[HTTP][39m [37m<-- GET /wd/hub/session/b9538f1f-051e-48c0-863a-84b0b7d5c273/element/00000000-0000-0078-0000-004a00000003/location [39m[32m200[39m [90m23 ms - 74[39m
[35m[HTTP][39m [90m[39m
[35m[HTTP][39m [37m-->[39m [37mPOST[39m [37m/wd/hub/session/b9538f1f-051e-48c0-863a-84b0b7d5c273/element/00000000-0000-0078-0000-004a00000003/click[39m
[35m[HTTP][39m [90m{"id":"00000000-0000-0078-0000-004a00000003"}[39m
[35m[HTTP][39m [37m<-- POST /wd/hub/session/b9538f1f-051e-48c0-863a-84b0b7d5c273/element/00000000-0000-0078-0000-004a00000003/click [39m[32m200[39m [90m1082 ms - 14[39m
[35m[HTTP][39m [90m[39m
[35m[HTTP][39m [37m-->[39m [37mGET[39m [37m/wd/hub/session/b9538f1f-051e-48c0-863a-84b0b7d5c273/source[39m
[35m[HTTP][39m [90m{}[39m
[35m[W3C (b9538f1f)][39m Driver proxy active, passing request on via HTTP proxy
[35m[WD Proxy][39m Replacing sessionId 997927a6-73a5-4a3a-b311-c5d8e83e418e with b9538f1f-051e-48c0-863a-84b0b7d5c273
[35m[HTTP][39m [37m<-- GET /wd/hub/session/b9538f1f-051e-48c0-863a-84b0b7d5c273/source [39m[32m200[39m [90m95 ms - 7458[39m
[35m[HTTP][39m [90m[39m
[35m[HTTP][39m [37m-->[39m [37mGET[39m [37m/wd/hub/session/b9538f1f-051e-48c0-863a-84b0b7d5c273/screenshot[39m
[35m[HTTP][39m [90m{}[39m
[35m[HTTP][39m [37m<-- GET /wd/hub/session/b9538f1f-051e-48c0-863a-84b0b7d5c273/screenshot [39m[32m200[39m [90m512 ms - 77040[39m
[35m[HTTP][39m [90m[39m
[35m[HTTP][39m [37m-->[39m [37mGET[39m [37m/wd/hub/session/b9538f1f-051e-48c0-863a-84b0b7d5c273/source[39m
[35m[HTTP][39m [90m{}[39m
[35m[W3C (b9538f1f)][39m Driver proxy active, passing request on via HTTP proxy
[35m[WD Proxy][39m Replacing sessionId 997927a6-73a5-4a3a-b311-c5d8e83e418e with b9538f1f-051e-48c0-863a-84b0b7d5c273
[35m[HTTP][39m [37m<-- GET /wd/hub/session/b9538f1f-051e-48c0-863a-84b0b7d5c273/source [39m[32m200[39m [90m255 ms - 7458[39m
[35m[HTTP][39m [90m[39m
[35m[HTTP][39m [37m-->[39m [37mGET[39m [37m/wd/hub/session/b9538f1f-051e-48c0-863a-84b0b7d5c273/screenshot[39m
[35m[HTTP][39m [90m{}[39m
[35m[HTTP][39m [37m<-- GET /wd/hub/session/b9538f1f-051e-48c0-863a-84b0b7d5c273/screenshot [39m[32m200[39m [90m1283 ms - 77040[39m
[35m[HTTP][39m [90m[39m
[35m[HTTP][39m [37m-->[39m [37mPOST[39m [37m/wd/hub/session/b9538f1f-051e-48c0-863a-84b0b7d5c273/elements[39m
[35m[HTTP][39m [90m{"using":"xpath","value":"//*[@class = 'android.widget.EditText' and (@text = '1, Quantity' or . = '1, Quantity') and @resource-id = '']"}[39m
[35m[HTTP][39m [37m<-- POST /wd/hub/session/b9538f1f-051e-48c0-863a-84b0b7d5c273/elements [39m[32m200[39m [90m116 ms - 139[39m
[35m[HTTP][39m [90m[39m
[35m[HTTP][39m [37m-->[39m [37mGET[39m [37m/wd/hub/session/b9538f1f-051e-48c0-863a-84b0b7d5c273/window/rect[39m
[35m[HTTP][39m [90m{}[39m
[35m[HTTP][39m [37m<-- GET /wd/hub/session/b9538f1f-051e-48c0-863a-84b0b7d5c273/window/rect [39m[32m200[39m [90m19 ms - 50[39m
[35m[HTTP][39m [90m[39m
[35m[HTTP][39m [37m-->[39m [37mPOST[39m [37m/wd/hub/session/b9538f1f-051e-48c0-863a-84b0b7d5c273/elements[39m
[35m[HTTP][39m [90m{"using":"xpath","value":"//*[@class = 'android.widget.EditText' and (@text = '1, Quantity' or . = '1, Quantity') and @resource-id = '']"}[39m
[35m[HTTP][39m [37m<-- POST /wd/hub/session/b9538f1f-051e-48c0-863a-84b0b7d5c273/elements [39m[32m200[39m [90m117 ms - 139[39m
[35m[HTTP][39m [90m[39m
[35m[HTTP][39m [37m-->[39m [37mGET[39m [37m/wd/hub/session/b9538f1f-051e-48c0-863a-84b0b7d5c273/element/00000000-0000-0078-0000-004300000003/location[39m
[35m[HTTP][39m [90m{}[39m
[35m[W3C (b9538f1f)][39m Driver proxy active, passing request on via HTTP proxy
[35m[WD Proxy][39m Replacing sessionId 997927a6-73a5-4a3a-b311-c5d8e83e418e with b9538f1f-051e-48c0-863a-84b0b7d5c273
[35m[HTTP][39m [37m<-- GET /wd/hub/session/b9538f1f-051e-48c0-863a-84b0b7d5c273/element/00000000-0000-0078-0000-004300000003/location [39m[32m200[39m [90m31 ms - 77[39m
[35m[HTTP][39m [90m[39m
[35m[HTTP][39m [37m-->[39m [37mPOST[39m [37m/wd/hub/session/b9538f1f-051e-48c0-863a-84b0b7d5c273/element/00000000-0000-0078-0000-004300000003/click[39m
[35m[HTTP][39m [90m{"id":"00000000-0000-0078-0000-004300000003"}[39m
[35m[HTTP][39m [37m<-- POST /wd/hub/session/b9538f1f-051e-48c0-863a-84b0b7d5c273/element/00000000-0000-0078-0000-004300000003/click [39m[32m200[39m [90m102 ms - 14[39m
[35m[HTTP][39m [90m[39m
[35m[HTTP][39m [37m-->[39m [37mGET[39m [37m/wd/hub/session/b9538f1f-051e-48c0-863a-84b0b7d5c273/source[39m
[35m[HTTP][39m [90m{}[39m
[35m[W3C (b9538f1f)][39m Driver proxy active, passing request on via HTTP proxy
[35m[WD Proxy][39m Replacing sessionId 997927a6-73a5-4a3a-b311-c5d8e83e418e with b9538f1f-051e-48c0-863a-84b0b7d5c273
[35m[HTTP][39m [37m<-- GET /wd/hub/session/b9538f1f-051e-48c0-863a-84b0b7d5c273/source [39m[32m200[39m [90m233 ms - 7458[39m
[35m[HTTP][39m [90m[39m
[35m[HTTP][39m [37m-->[39m [37mGET[39m [37m/wd/hub/session/b9538f1f-051e-48c0-863a-84b0b7d5c273/screenshot[39m
[35m[HTTP][39m [90m{}[39m
[35m[HTTP][39m [37m<-- GET /wd/hub/session/b9538f1f-051e-48c0-863a-84b0b7d5c273/screenshot [39m[32m200[39m [90m1048 ms - 113040[39m
[35m[HTTP][39m [90m[39m
[35m[HTTP][39m [37m-->[39m [37mGET[39m [37m/wd/hub/session/b9538f1f-051e-48c0-863a-84b0b7d5c273/source[39m
[35m[HTTP][39m [90m{}[39m
[35m[W3C (b9538f1f)][39m Driver proxy active, passing request on via HTTP proxy
[35m[WD Proxy][39m Replacing sessionId 997927a6-73a5-4a3a-b311-c5d8e83e418e with b9538f1f-051e-48c0-863a-84b0b7d5c273
[35m[HTTP][39m [37m<-- GET /wd/hub/session/b9538f1f-051e-48c0-863a-84b0b7d5c273/source [39m[32m200[39m [90m233 ms - 7458[39m
[35m[HTTP][39m [90m[39m
[35m[HTTP][39m [37m-->[39m [37mGET[39m [37m/wd/hub/session/b9538f1f-051e-48c0-863a-84b0b7d5c273/screenshot[39m
[35m[HTTP][39m [90m{}[39m
[35m[HTTP][39m [37m<-- GET /wd/hub/session/b9538f1f-051e-48c0-863a-84b0b7d5c273/screenshot [39m[32m200[39m [90m751 ms - 112940[39m
[35m[HTTP][39m [90m[39m
[35m[HTTP][39m [37m-->[39m [37mPOST[39m [37m/wd/hub/session/b9538f1f-051e-48c0-863a-84b0b7d5c273/elements[39m
[35m[HTTP][39m [90m{"using":"xpath","value":"//*[@class = 'android.widget.EditText' and (@text = '1, Quantity' or . = '1, Quantity') and @resource-id = '']"}[39m
[35m[HTTP][39m [37m<-- POST /wd/hub/session/b9538f1f-051e-48c0-863a-84b0b7d5c273/elements [39m[32m200[39m [90m148 ms - 139[39m
[35m[HTTP][39m [90m[39m
[35m[HTTP][39m [37m-->[39m [37mGET[39m [37m/wd/hub/session/b9538f1f-051e-48c0-863a-84b0b7d5c273/window/rect[39m
[35m[HTTP][39m [90m{}[39m
[35m[HTTP][39m [37m<-- GET /wd/hub/session/b9538f1f-051e-48c0-863a-84b0b7d5c273/window/rect [39m[32m200[39m [90m31 ms - 50[39m
[35m[HTTP][39m [90m[39m
[35m[HTTP][39m [37m-->[39m [37mPOST[39m [37m/wd/hub/session/b9538f1f-051e-48c0-863a-84b0b7d5c273/elements[39m
[35m[HTTP][39m [90m{"using":"xpath","value":"//*[@class = 'android.widget.EditText' and (@text = '1, Quantity' or . = '1, Quantity') and @resource-id = '']"}[39m
[35m[HTTP][39m [37m<-- POST /wd/hub/session/b9538f1f-051e-48c0-863a-84b0b7d5c273/elements [39m[32m200[39m [90m134 ms - 139[39m
[35m[HTTP][39m [90m[39m
[35m[HTTP][39m [37m-->[39m [37mGET[39m [37m/wd/hub/session/b9538f1f-051e-48c0-863a-84b0b7d5c273/element/00000000-0000-0078-0000-004300000003/location[39m
[35m[HTTP][39m [90m{}[39m
[35m[W3C (b9538f1f)][39m Driver proxy active, passing request on via HTTP proxy
[35m[WD Proxy][39m Replacing sessionId 997927a6-73a5-4a3a-b311-c5d8e83e418e with b9538f1f-051e-48c0-863a-84b0b7d5c273
[35m[HTTP][39m [37m<-- GET /wd/hub/session/b9538f1f-051e-48c0-863a-84b0b7d5c273/element/00000000-0000-0078-0000-004300000003/location [39m[32m200[39m [90m35 ms - 77[39m
[35m[HTTP][39m [90m[39m
[35m[HTTP][39m [37m-->[39m [37mPOST[39m [37m/wd/hub/session/b9538f1f-051e-48c0-863a-84b0b7d5c273/element/00000000-0000-0078-0000-004300000003/clear[39m
[35m[HTTP][39m [90m{"id":"00000000-0000-0078-0000-004300000003"}[39m
[35m[HTTP][39m [37m<-- POST /wd/hub/session/b9538f1f-051e-48c0-863a-84b0b7d5c273/element/00000000-0000-0078-0000-004300000003/clear [39m[32m200[39m [90m44 ms - 14[39m
[35m[HTTP][39m [90m[39m
[35m[HTTP][39m [37m-->[39m [37mPOST[39m [37m/wd/hub/session/b9538f1f-051e-48c0-863a-84b0b7d5c273/element/00000000-0000-0078-0000-004300000003/value[39m
[35m[HTTP][39m [90m{"id":"00000000-0000-0078-0000-004300000003","text":"0","value":["0"]}[39m
[35m[HTTP][39m [37m<-- POST /wd/hub/session/b9538f1f-051e-48c0-863a-84b0b7d5c273/element/00000000-0000-0078-0000-004300000003/value [39m[32m200[39m [90m554 ms - 14[39m
[35m[HTTP][39m [90m[39m
[35m[HTTP][39m [37m-->[39m [37mGET[39m [37m/wd/hub/session/b9538f1f-051e-48c0-863a-84b0b7d5c273/source[39m
[35m[HTTP][39m [90m{}[39m
[35m[W3C (b9538f1f)][39m Driver proxy active, passing request on via HTTP proxy
[35m[WD Proxy][39m Replacing sessionId 997927a6-73a5-4a3a-b311-c5d8e83e418e with b9538f1f-051e-48c0-863a-84b0b7d5c273
[35m[HTTP][39m [37m<-- GET /wd/hub/session/b9538f1f-051e-48c0-863a-84b0b7d5c273/source [39m[32m200[39m [90m161 ms - 7458[39m
[35m[HTTP][39m [90m[39m
[35m[HTTP][39m [37m-->[39m [37mGET[39m [37m/wd/hub/session/b9538f1f-051e-48c0-863a-84b0b7d5c273/screenshot[39m
[35m[HTTP][39m [90m{}[39m
[35m[HTTP][39m [37m<-- GET /wd/hub/session/b9538f1f-051e-48c0-863a-84b0b7d5c273/screenshot [39m[32m200[39m [90m896 ms - 112628[39m
[35m[HTTP][39m [90m[39m
[35m[HTTP][39m [37m-->[39m [37mPOST[39m [37m/wd/hub/session/b9538f1f-051e-48c0-863a-84b0b7d5c273/elements[39m
[35m[HTTP][39m [90m{"using":"xpath","value":"//*[@class = 'android.widget.Button' and @resource-id = '' and (@text = '' or . = '')]"}[39m
[35m[HTTP][39m [37m<-- POST /wd/hub/session/b9538f1f-051e-48c0-863a-84b0b7d5c273/elements [39m[32m200[39m [90m165 ms - 523[39m
[35m[HTTP][39m [90m[39m
[35m[HTTP][39m [37m-->[39m [37mPOST[39m [37m/wd/hub/session/b9538f1f-051e-48c0-863a-84b0b7d5c273/elements[39m
[35m[HTTP][39m [90m{"using":"accessibility id","value":"Meat"}[39m
[35m[HTTP][39m [37m<-- POST /wd/hub/session/b9538f1f-051e-48c0-863a-84b0b7d5c273/elements [39m[32m200[39m [90m36 ms - 139[39m
[35m[HTTP][39m [90m[39m
[35m[HTTP][39m [37m-->[39m [37mGET[39m [37m/wd/hub/session/b9538f1f-051e-48c0-863a-84b0b7d5c273/window/rect[39m
[35m[HTTP][39m [90m{}[39m
[35m[HTTP][39m [37m<-- GET /wd/hub/session/b9538f1f-051e-48c0-863a-84b0b7d5c273/window/rect [39m[32m200[39m [90m23 ms - 50[39m
[35m[HTTP][39m [90m[39m
[35m[HTTP][39m [37m-->[39m [37mPOST[39m [37m/wd/hub/session/b9538f1f-051e-48c0-863a-84b0b7d5c273/elements[39m
[35m[HTTP][39m [90m{"using":"accessibility id","value":"Meat"}[39m
[35m[HTTP][39m [37m<-- POST /wd/hub/session/b9538f1f-051e-48c0-863a-84b0b7d5c273/elements [39m[32m200[39m [90m35 ms - 139[39m
[35m[HTTP][39m [90m[39m
[35m[HTTP][39m [37m-->[39m [37mGET[39m [37m/wd/hub/session/b9538f1f-051e-48c0-863a-84b0b7d5c273/element/00000000-0000-0078-0000-004400000003/location[39m
[35m[HTTP][39m [90m{}[39m
[35m[W3C (b9538f1f)][39m Driver proxy active, passing request on via HTTP proxy
[35m[WD Proxy][39m Replacing sessionId 997927a6-73a5-4a3a-b311-c5d8e83e418e with b9538f1f-051e-48c0-863a-84b0b7d5c273
[35m[HTTP][39m [37m<-- GET /wd/hub/session/b9538f1f-051e-48c0-863a-84b0b7d5c273/element/00000000-0000-0078-0000-004400000003/location [39m[32m200[39m [90m32 ms - 78[39m
[35m[HTTP][39m [90m[39m
[35m[HTTP][39m [37m-->[39m [37mPOST[39m [37m/wd/hub/session/b9538f1f-051e-48c0-863a-84b0b7d5c273/element/00000000-0000-0078-0000-004400000003/click[39m
[35m[HTTP][39m [90m{"id":"00000000-0000-0078-0000-004400000003"}[39m
[35m[HTTP][39m [37m<-- POST /wd/hub/session/b9538f1f-051e-48c0-863a-84b0b7d5c273/element/00000000-0000-0078-0000-004400000003/click [39m[32m200[39m [90m101 ms - 14[39m
[35m[HTTP][39m [90m[39m
[35m[HTTP][39m [37m-->[39m [37mGET[39m [37m/wd/hub/session/b9538f1f-051e-48c0-863a-84b0b7d5c273/source[39m
[35m[HTTP][39m [90m{}[39m
[35m[W3C (b9538f1f)][39m Driver proxy active, passing request on via HTTP proxy
[35m[WD Proxy][39m Replacing sessionId 997927a6-73a5-4a3a-b311-c5d8e83e418e with b9538f1f-051e-48c0-863a-84b0b7d5c273
[35m[HTTP][39m [37m<-- GET /wd/hub/session/b9538f1f-051e-48c0-863a-84b0b7d5c273/source [39m[32m200[39m [90m334 ms - 9108[39m
[35m[HTTP][39m [90m[39m
[35m[HTTP][39m [37m-->[39m [37mGET[39m [37m/wd/hub/session/b9538f1f-051e-48c0-863a-84b0b7d5c273/screenshot[39m
[35m[HTTP][39m [90m{}[39m
[35m[HTTP][39m [37m<-- GET /wd/hub/session/b9538f1f-051e-48c0-863a-84b0b7d5c273/screenshot [39m[32m200[39m [90m822 ms - 118248[39m
[35m[HTTP][39m [90m[39m
[35m[HTTP][39m [37m-->[39m [37mGET[39m [37m/wd/hub/session/b9538f1f-051e-48c0-863a-84b0b7d5c273/source[39m
[35m[HTTP][39m [90m{}[39m
[35m[W3C (b9538f1f)][39m Driver proxy active, passing request on via HTTP proxy
[35m[WD Proxy][39m Replacing sessionId 997927a6-73a5-4a3a-b311-c5d8e83e418e with b9538f1f-051e-48c0-863a-84b0b7d5c273
[35m[HTTP][39m [37m<-- GET /wd/hub/session/b9538f1f-051e-48c0-863a-84b0b7d5c273/source [39m[32m200[39m [90m134 ms - 9108[39m
[35m[HTTP][39m [90m[39m
[35m[HTTP][39m [37m-->[39m [37mGET[39m [37m/wd/hub/session/b9538f1f-051e-48c0-863a-84b0b7d5c273/screenshot[39m
[35m[HTTP][39m [90m{}[39m
[35m[HTTP][39m [37m<-- GET /wd/hub/session/b9538f1f-051e-48c0-863a-84b0b7d5c273/screenshot [39m[32m200[39m [90m763 ms - 118248[39m
[35m[HTTP][39m [90m[39m
[35m[HTTP][39m [37m-->[39m [37mPOST[39m [37m/wd/hub/session/b9538f1f-051e-48c0-863a-84b0b7d5c273/elements[39m
[35m[HTTP][39m [90m{"using":"xpath","value":"//*[@class = 'android.view.View' and @resource-id = '' and (@text = '' or . = '')]"}[39m
[35m[HTTP][39m [37m<-- POST /wd/hub/session/b9538f1f-051e-48c0-863a-84b0b7d5c273/elements [39m[32m200[39m [90m125 ms - 2187[39m
[35m[HTTP][39m [90m[39m
[35m[HTTP][39m [37m-->[39m [37mPOST[39m [37m/wd/hub/session/b9538f1f-051e-48c0-863a-84b0b7d5c273/elements[39m
[35m[HTTP][39m [90m{"using":"accessibility id","value":"Fruit"}[39m
[35m[HTTP][39m [37m<-- POST /wd/hub/session/b9538f1f-051e-48c0-863a-84b0b7d5c273/elements [39m[32m200[39m [90m37 ms - 139[39m
[35m[HTTP][39m [90m[39m
[35m[HTTP][39m [37m-->[39m [37mGET[39m [37m/wd/hub/session/b9538f1f-051e-48c0-863a-84b0b7d5c273/window/rect[39m
[35m[HTTP][39m [90m{}[39m
[35m[HTTP][39m [37m<-- GET /wd/hub/session/b9538f1f-051e-48c0-863a-84b0b7d5c273/window/rect [39m[32m200[39m [90m25 ms - 50[39m
[35m[HTTP][39m [90m[39m
[35m[HTTP][39m [37m-->[39m [37mPOST[39m [37m/wd/hub/session/b9538f1f-051e-48c0-863a-84b0b7d5c273/elements[39m
[35m[HTTP][39m [90m{"using":"accessibility id","value":"Fruit"}[39m
[35m[HTTP][39m [37m<-- POST /wd/hub/session/b9538f1f-051e-48c0-863a-84b0b7d5c273/elements [39m[32m200[39m [90m37 ms - 139[39m
[35m[HTTP][39m [90m[39m
[35m[HTTP][39m [37m-->[39m [37mGET[39m [37m/wd/hub/session/b9538f1f-051e-48c0-863a-84b0b7d5c273/element/00000000-0000-0078-0000-005e00000003/location[39m
[35m[HTTP][39m [90m{}[39m
[35m[W3C (b9538f1f)][39m Driver proxy active, passing request on via HTTP proxy
[35m[WD Proxy][39m Replacing sessionId 997927a6-73a5-4a3a-b311-c5d8e83e418e with b9538f1f-051e-48c0-863a-84b0b7d5c273
[35m[HTTP][39m [37m<-- GET /wd/hub/session/b9538f1f-051e-48c0-863a-84b0b7d5c273/element/00000000-0000-0078-0000-005e00000003/location [39m[32m200[39m [90m43 ms - 78[39m
[35m[HTTP][39m [90m[39m
[35m[HTTP][39m [37m-->[39m [37mPOST[39m [37m/wd/hub/session/b9538f1f-051e-48c0-863a-84b0b7d5c273/element/00000000-0000-0078-0000-005e00000003/click[39m
[35m[HTTP][39m [90m{"id":"00000000-0000-0078-0000-005e00000003"}[39m
[35m[HTTP][39m [37m<-- POST /wd/hub/session/b9538f1f-051e-48c0-863a-84b0b7d5c273/element/00000000-0000-0078-0000-005e00000003/click [39m[32m200[39m [90m926 ms - 14[39m
[35m[HTTP][39m [90m[39m
[35m[HTTP][39m [37m-->[39m [37mGET[39m [37m/wd/hub/session/b9538f1f-051e-48c0-863a-84b0b7d5c273/source[39m
[35m[HTTP][39m [90m{}[39m
[35m[W3C (b9538f1f)][39m Driver proxy active, passing request on via HTTP proxy
[35m[WD Proxy][39m Replacing sessionId 997927a6-73a5-4a3a-b311-c5d8e83e418e with b9538f1f-051e-48c0-863a-84b0b7d5c273
[35m[HTTP][39m [37m<-- GET /wd/hub/session/b9538f1f-051e-48c0-863a-84b0b7d5c273/source [39m[32m200[39m [90m125 ms - 7459[39m
[35m[HTTP][39m [90m[39m
[35m[HTTP][39m [37m-->[39m [37mGET[39m [37m/wd/hub/session/b9538f1f-051e-48c0-863a-84b0b7d5c273/screenshot[39m
[35m[HTTP][39m [90m{}[39m
[35m[HTTP][39m [37m<-- GET /wd/hub/session/b9538f1f-051e-48c0-863a-84b0b7d5c273/screenshot [39m[32m200[39m [90m910 ms - 75460[39m
[35m[HTTP][39m [90m[39m
[35m[HTTP][39m [37m-->[39m [37mGET[39m [37m/wd/hub/session/b9538f1f-051e-48c0-863a-84b0b7d5c273/source[39m
[35m[HTTP][39m [90m{}[39m
[35m[W3C (b9538f1f)][39m Driver proxy active, passing request on via HTTP proxy
[35m[WD Proxy][39m Replacing sessionId 997927a6-73a5-4a3a-b311-c5d8e83e418e with b9538f1f-051e-48c0-863a-84b0b7d5c273
[35m[HTTP][39m [37m<-- GET /wd/hub/session/b9538f1f-051e-48c0-863a-84b0b7d5c273/source [39m[32m200[39m [90m94 ms - 7459[39m
[35m[HTTP][39m [90m[39m
[35m[HTTP][39m [37m-->[39m [37mGET[39m [37m/wd/hub/session/b9538f1f-051e-48c0-863a-84b0b7d5c273/screenshot[39m
[35m[HTTP][39m [90m{}[39m
[35m[HTTP][39m [37m<-- GET /wd/hub/session/b9538f1f-051e-48c0-863a-84b0b7d5c273/screenshot [39m[32m200[39m [90m771 ms - 75460[39m
[35m[HTTP][39m [90m[39m
[35m[HTTP][39m [37m-->[39m [37mGET[39m [37m/wd/hub/session/b9538f1f-051e-48c0-863a-84b0b7d5c273/source[39m
[35m[HTTP][39m [90m{}[39m
[35m[W3C (b9538f1f)][39m Driver proxy active, passing request on via HTTP proxy
[35m[WD Proxy][39m Replacing sessionId 997927a6-73a5-4a3a-b311-c5d8e83e418e with b9538f1f-051e-48c0-863a-84b0b7d5c273
[35m[HTTP][39m [37m<-- GET /wd/hub/session/b9538f1f-051e-48c0-863a-84b0b7d5c273/source [39m[32m200[39m [90m276 ms - 7459[39m
[35m[HTTP][39m [90m[39m
[35m[HTTP][39m [37m-->[39m [37mGET[39m [37m/wd/hub/session/b9538f1f-051e-48c0-863a-84b0b7d5c273/screenshot[39m
[35m[HTTP][39m [90m{}[39m
[35m[HTTP][39m [37m<-- GET /wd/hub/session/b9538f1f-051e-48c0-863a-84b0b7d5c273/screenshot [39m[32m200[39m [90m1419 ms - 75460[39m
[35m[HTTP][39m [90m[39m
[35m[HTTP][39m [37m-->[39m [37mPOST[39m [37m/wd/hub/session/b9538f1f-051e-48c0-863a-84b0b7d5c273/elements[39m
[35m[HTTP][39m [90m{"using":"xpath","value":"//*[@class = 'android.widget.Button' and @resource-id = '' and (@text = '' or . = '')]"}[39m
[35m[HTTP][39m [37m<-- POST /wd/hub/session/b9538f1f-051e-48c0-863a-84b0b7d5c273/elements [39m[32m200[39m [90m150 ms - 523[39m
[35m[HTTP][39m [90m[39m
[35m[HTTP][39m [37m-->[39m [37mPOST[39m [37m/wd/hub/session/b9538f1f-051e-48c0-863a-84b0b7d5c273/elements[39m
[35m[HTTP][39m [90m{"using":"accessibility id","value":"Add Item"}[39m
[35m[HTTP][39m [37m<-- POST /wd/hub/session/b9538f1f-051e-48c0-863a-84b0b7d5c273/elements [39m[32m200[39m [90m62 ms - 139[39m
[35m[HTTP][39m [90m[39m
[35m[HTTP][39m [37m-->[39m [37mGET[39m [37m/wd/hub/session/b9538f1f-051e-48c0-863a-84b0b7d5c273/window/rect[39m
[35m[HTTP][39m [90m{}[39m
[35m[HTTP][39m [37m<-- GET /wd/hub/session/b9538f1f-051e-48c0-863a-84b0b7d5c273/window/rect [39m[32m200[39m [90m60 ms - 50[39m
[35m[HTTP][39m [90m[39m
[35m[HTTP][39m [37m-->[39m [37mPOST[39m [37m/wd/hub/session/b9538f1f-051e-48c0-863a-84b0b7d5c273/elements[39m
[35m[HTTP][39m [90m{"using":"accessibility id","value":"Add Item"}[39m
[35m[HTTP][39m [37m<-- POST /wd/hub/session/b9538f1f-051e-48c0-863a-84b0b7d5c273/elements [39m[32m200[39m [90m99 ms - 139[39m
[35m[HTTP][39m [90m[39m
[35m[HTTP][39m [37m-->[39m [37mGET[39m [37m/wd/hub/session/b9538f1f-051e-48c0-863a-84b0b7d5c273/element/00000000-0000-0078-0000-004600000003/location[39m
[35m[HTTP][39m [90m{}[39m
[35m[W3C (b9538f1f)][39m Driver proxy active, passing request on via HTTP proxy
[35m[WD Proxy][39m Replacing sessionId 997927a6-73a5-4a3a-b311-c5d8e83e418e with b9538f1f-051e-48c0-863a-84b0b7d5c273
[35m[HTTP][39m [37m<-- GET /wd/hub/session/b9538f1f-051e-48c0-863a-84b0b7d5c273/element/00000000-0000-0078-0000-004600000003/location [39m[32m200[39m [90m112 ms - 78[39m
[35m[HTTP][39m [90m[39m
[35m[HTTP][39m [37m-->[39m [37mPOST[39m [37m/wd/hub/session/b9538f1f-051e-48c0-863a-84b0b7d5c273/element/00000000-0000-0078-0000-004600000003/click[39m
[35m[HTTP][39m [90m{"id":"00000000-0000-0078-0000-004600000003"}[39m
[35m[HTTP][39m [37m<-- POST /wd/hub/session/b9538f1f-051e-48c0-863a-84b0b7d5c273/element/00000000-0000-0078-0000-004600000003/click [39m[32m200[39m [90m161 ms - 14[39m
[35m[HTTP][39m [90m[39m
[35m[HTTP][39m [37m-->[39m [37mGET[39m [37m/wd/hub/session/b9538f1f-051e-48c0-863a-84b0b7d5c273/source[39m
[35m[HTTP][39m [90m{}[39m
[35m[W3C (b9538f1f)][39m Driver proxy active, passing request on via HTTP proxy
[35m[WD Proxy][39m Replacing sessionId 997927a6-73a5-4a3a-b311-c5d8e83e418e with b9538f1f-051e-48c0-863a-84b0b7d5c273
[35m[HTTP][39m [37m<-- GET /wd/hub/session/b9538f1f-051e-48c0-863a-84b0b7d5c273/source [39m[32m200[39m [90m386 ms - 7949[39m
[35m[HTTP][39m [90m[39m
[35m[HTTP][39m [37m-->[39m [37mGET[39m [37m/wd/hub/session/b9538f1f-051e-48c0-863a-84b0b7d5c273/screenshot[39m
[35m[HTTP][39m [90m{}[39m
[35m[HTTP][39m [37m<-- GET /wd/hub/session/b9538f1f-051e-48c0-863a-84b0b7d5c273/screenshot [39m[32m200[39m [90m1449 ms - 84598[39m
[35m[HTTP][39m [90m[39m
[35m[HTTP][39m [37m-->[39m [37mGET[39m [37m/wd/hub/session/b9538f1f-051e-48c0-863a-84b0b7d5c273/source[39m
[35m[HTTP][39m [90m{}[39m
[35m[W3C (b9538f1f)][39m Driver proxy active, passing request on via HTTP proxy
[35m[WD Proxy][39m Replacing sessionId 997927a6-73a5-4a3a-b311-c5d8e83e418e with b9538f1f-051e-48c0-863a-84b0b7d5c273
[35m[HTTP][39m [37m<-- GET /wd/hub/session/b9538f1f-051e-48c0-863a-84b0b7d5c273/source [39m[32m200[39m [90m2339 ms - 7949[39m
[35m[HTTP][39m [90m[39m
[35m[HTTP][39m [37m-->[39m [37mGET[39m [37m/wd/hub/session/b9538f1f-051e-48c0-863a-84b0b7d5c273/screenshot[39m
[35m[HTTP][39m [90m{}[39m
[35m[HTTP][39m [37m<-- GET /wd/hub/session/b9538f1f-051e-48c0-863a-84b0b7d5c273/screenshot [39m[32m200[39m [90m1537 ms - 84598[39m
[35m[HTTP][39m [90m[39m
[35m[HTTP][39m [37m-->[39m [37mPOST[39m [37m/wd/hub/session/b9538f1f-051e-48c0-863a-84b0b7d5c273/elements[39m
[35m[HTTP][39m [90m{"using":"xpath","value":"//*[@class = 'android.widget.EditText' and (@text = '0, Quantity' or . = '0, Quantity') and @resource-id = '']"}[39m
[35m[HTTP][39m [37m<-- POST /wd/hub/session/b9538f1f-051e-48c0-863a-84b0b7d5c273/elements [39m[32m200[39m [90m153 ms - 139[39m
[35m[HTTP][39m [90m[39m
[35m[HTTP][39m [37m-->[39m [37mGET[39m [37m/wd/hub/session/b9538f1f-051e-48c0-863a-84b0b7d5c273/window/rect[39m
[35m[HTTP][39m [90m{}[39m
[35m[HTTP][39m [37m<-- GET /wd/hub/session/b9538f1f-051e-48c0-863a-84b0b7d5c273/window/rect [39m[32m200[39m [90m48 ms - 50[39m
[35m[HTTP][39m [90m[39m
[35m[HTTP][39m [37m-->[39m [37mPOST[39m [37m/wd/hub/session/b9538f1f-051e-48c0-863a-84b0b7d5c273/elements[39m
[35m[HTTP][39m [90m{"using":"xpath","value":"//*[@class = 'android.widget.EditText' and (@text = '0, Quantity' or . = '0, Quantity') and @resource-id = '']"}[39m
[35m[HTTP][39m [37m<-- POST /wd/hub/session/b9538f1f-051e-48c0-863a-84b0b7d5c273/elements [39m[32m200[39m [90m155 ms - 139[39m
[35m[HTTP][39m [90m[39m
[35m[HTTP][39m [37m-->[39m [37mGET[39m [37m/wd/hub/session/b9538f1f-051e-48c0-863a-84b0b7d5c273/element/00000000-0000-0078-0000-004300000003/location[39m
[35m[HTTP][39m [90m{}[39m
[35m[W3C (b9538f1f)][39m Driver proxy active, passing request on via HTTP proxy
[35m[WD Proxy][39m Replacing sessionId 997927a6-73a5-4a3a-b311-c5d8e83e418e with b9538f1f-051e-48c0-863a-84b0b7d5c273
[35m[HTTP][39m [37m<-- GET /wd/hub/session/b9538f1f-051e-48c0-863a-84b0b7d5c273/element/00000000-0000-0078-0000-004300000003/location [39m[32m200[39m [90m69 ms - 77[39m
[35m[HTTP][39m [90m[39m
[35m[HTTP][39m [37m-->[39m [37mPOST[39m [37m/wd/hub/session/b9538f1f-051e-48c0-863a-84b0b7d5c273/element/00000000-0000-0078-0000-004300000003/click[39m
[35m[HTTP][39m [90m{"id":"00000000-0000-0078-0000-004300000003"}[39m
[35m[HTTP][39m [37m<-- POST /wd/hub/session/b9538f1f-051e-48c0-863a-84b0b7d5c273/element/00000000-0000-0078-0000-004300000003/click [39m[32m200[39m [90m109 ms - 14[39m
[35m[HTTP][39m [90m[39m
[35m[HTTP][39m [37m-->[39m [37mGET[39m [37m/wd/hub/session/b9538f1f-051e-48c0-863a-84b0b7d5c273/source[39m
[35m[HTTP][39m [90m{}[39m
[35m[W3C (b9538f1f)][39m Driver proxy active, passing request on via HTTP proxy
[35m[WD Proxy][39m Replacing sessionId 997927a6-73a5-4a3a-b311-c5d8e83e418e with b9538f1f-051e-48c0-863a-84b0b7d5c273
[35m[HTTP][39m [37m<-- GET /wd/hub/session/b9538f1f-051e-48c0-863a-84b0b7d5c273/source [39m[32m200[39m [90m279 ms - 7949[39m
[35m[HTTP][39m [90m[39m
[35m[HTTP][39m [37m-->[39m [37mGET[39m [37m/wd/hub/session/b9538f1f-051e-48c0-863a-84b0b7d5c273/screenshot[39m
[35m[HTTP][39m [90m{}[39m
[35m[HTTP][39m [37m<-- GET /wd/hub/session/b9538f1f-051e-48c0-863a-84b0b7d5c273/screenshot [39m[32m200[39m [90m1406 ms - 120568[39m
[35m[HTTP][39m [90m[39m
[35m[HTTP][39m [37m-->[39m [37mGET[39m [37m/wd/hub/session/b9538f1f-051e-48c0-863a-84b0b7d5c273/source[39m
[35m[HTTP][39m [90m{}[39m
[35m[W3C (b9538f1f)][39m Driver proxy active, passing request on via HTTP proxy
[35m[WD Proxy][39m Replacing sessionId 997927a6-73a5-4a3a-b311-c5d8e83e418e with b9538f1f-051e-48c0-863a-84b0b7d5c273
[35m[HTTP][39m [37m<-- GET /wd/hub/session/b9538f1f-051e-48c0-863a-84b0b7d5c273/source [39m[32m200[39m [90m280 ms - 7949[39m
[35m[HTTP][39m [90m[39m
[35m[HTTP][39m [37m-->[39m [37mGET[39m [37m/wd/hub/session/b9538f1f-051e-48c0-863a-84b0b7d5c273/screenshot[39m
[35m[HTTP][39m [90m{}[39m
[35m[HTTP][39m [37m<-- GET /wd/hub/session/b9538f1f-051e-48c0-863a-84b0b7d5c273/screenshot [39m[32m200[39m [90m1192 ms - 120712[39m
[35m[HTTP][39m [90m[39m
[35m[HTTP][39m [37m-->[39m [37mDELETE[39m [37m/wd/hub/session/b9538f1f-051e-48c0-863a-84b0b7d5c273[39m
[35m[HTTP][39m [90m{}[39m
[35m[Appium][39m Removing session b9538f1f-051e-48c0-863a-84b0b7d5c273 from our master session list
[35m[UiAutomator2][39m Restoring hidden api policy to the device default configuration
[35m[HTTP][39m [37m<-- DELETE /wd/hub/session/b9538f1f-051e-48c0-863a-84b0b7d5c273 [39m[32m200[39m [90m1286 ms - 14[39m
[35m[HTTP][39m [90m[39m
